<?xml version="1.0" encoding="UTF-8"?>
<coverage generated="1569554743725" clover="3.2.0">
  <project timestamp="1569554743725" name="All files">
    <metrics statements="19" coveredstatements="12" conditionals="2" coveredconditionals="1" methods="5" coveredmethods="4" elements="26" coveredelements="17" complexity="0" loc="19" ncloc="19" packages="1" files="1" classes="1"/>
    <file name="linkedList.js" path="/Users/phil/alchemy/career-track/data-structures-and-algorithms/data-structures/linked-list/linkedList.js">
      <metrics statements="19" coveredstatements="12" conditionals="2" coveredconditionals="1" methods="5" coveredmethods="4"/>
      <line num="6" count="4" type="stmt"/>
      <line num="15" count="3" type="stmt"/>
      <line num="20" count="4" type="stmt"/>
      <line num="21" count="4" type="stmt"/>
      <line num="22" count="4" type="stmt"/>
      <line num="23" count="4" type="stmt"/>
      <line num="27" count="1" type="stmt"/>
      <line num="28" count="1" type="stmt"/>
      <line num="29" count="1" type="cond" truecount="1" falsecount="1"/>
      <line num="30" count="0" type="stmt"/>
      <line num="32" count="1" type="stmt"/>
      <line num="34" count="1" type="stmt"/>
      <line num="38" count="0" type="stmt"/>
      <line num="39" count="0" type="stmt"/>
      <line num="40" count="0" type="stmt"/>
      <line num="41" count="0" type="stmt"/>
      <line num="42" count="0" type="stmt"/>
      <line num="44" count="0" type="stmt"/>
      <line num="48" count="1" type="stmt"/>
    </file>
  </project>
</coverage>
