{"/Users/phil/alchemy/career-track/data-structures-and-algorithms/data-structures/linked-list/linkedList.js": {"path":"/Users/phil/alchemy/career-track/data-structures-and-algorithms/data-structures/linked-list/linkedList.js","statementMap":{"0":{"start":{"line":6,"column":4},"end":{"line":7,"column":21}},"1":{"start":{"line":15,"column":4},"end":{"line":16,"column":18}},"2":{"start":{"line":20,"column":15},"end":{"line":20,"column":30}},"3":{"start":{"line":21,"column":4},"end":{"line":21,"column":26}},"4":{"start":{"line":22,"column":4},"end":{"line":22,"column":27}},"5":{"start":{"line":23,"column":4},"end":{"line":23,"column":16}},"6":{"start":{"line":27,"column":18},"end":{"line":27,"column":27}},"7":{"start":{"line":28,"column":4},"end":{"line":33,"column":5}},"8":{"start":{"line":29,"column":6},"end":{"line":31,"column":7}},"9":{"start":{"line":30,"column":8},"end":{"line":30,"column":20}},"10":{"start":{"line":32,"column":6},"end":{"line":32,"column":26}},"11":{"start":{"line":34,"column":4},"end":{"line":34,"column":17}},"12":{"start":{"line":38,"column":18},"end":{"line":38,"column":27}},"13":{"start":{"line":39,"column":17},"end":{"line":39,"column":19}},"14":{"start":{"line":40,"column":4},"end":{"line":43,"column":5}},"15":{"start":{"line":41,"column":20},"end":{"line":41,"column":41}},"16":{"start":{"line":42,"column":6},"end":{"line":42,"column":29}},"17":{"start":{"line":44,"column":4},"end":{"line":44,"column":18}},"18":{"start":{"line":48,"column":0},"end":{"line":48,"column":28}}},"fnMap":{"0":{"name":"(anonymous_0)","decl":{"start":{"line":4,"column":2},"end":{"line":4,"column":3}},"loc":{"start":{"line":5,"column":2},"end":{"line":8,"column":3}},"line":5},"1":{"name":"(anonymous_1)","decl":{"start":{"line":13,"column":2},"end":{"line":13,"column":3}},"loc":{"start":{"line":14,"column":2},"end":{"line":17,"column":3}},"line":14},"2":{"name":"(anonymous_2)","decl":{"start":{"line":19,"column":2},"end":{"line":19,"column":3}},"loc":{"start":{"line":19,"column":16},"end":{"line":24,"column":3}},"line":19},"3":{"name":"(anonymous_3)","decl":{"start":{"line":26,"column":2},"end":{"line":26,"column":3}},"loc":{"start":{"line":26,"column":18},"end":{"line":35,"column":3}},"line":26},"4":{"name":"(anonymous_4)","decl":{"start":{"line":37,"column":2},"end":{"line":37,"column":3}},"loc":{"start":{"line":37,"column":13},"end":{"line":45,"column":3}},"line":37}},"branchMap":{"0":{"loc":{"start":{"line":29,"column":6},"end":{"line":31,"column":7}},"type":"if","locations":[{"start":{"line":29,"column":6},"end":{"line":31,"column":7}},{"start":{"line":29,"column":6},"end":{"line":31,"column":7}}],"line":29}},"s":{"0":4,"1":3,"2":4,"3":4,"4":4,"5":4,"6":1,"7":1,"8":1,"9":0,"10":1,"11":1,"12":0,"13":0,"14":0,"15":0,"16":0,"17":0,"18":1},"f":{"0":4,"1":3,"2":4,"3":1,"4":0},"b":{"0":[0,1]},"_coverageSchema":"43e27e138ebf9cfc5966b082cf9a028302ed4184","hash":"8d42540a542d54804680c93b9f974eacf19d9d06"}
}
