{"/Users/phil/alchemy/career-track/data-structures-and-algorithms/challenges/arrayBinarySearch/array-binary-search.js": {"path":"/Users/phil/alchemy/career-track/data-structures-and-algorithms/challenges/arrayBinarySearch/array-binary-search.js","statementMap":{"0":{"start":{"line":2,"column":26},"end":{"line":18,"column":1}},"1":{"start":{"line":4,"column":14},"end":{"line":4,"column":15}},"2":{"start":{"line":5,"column":12},"end":{"line":5,"column":26}},"3":{"start":{"line":7,"column":2},"end":{"line":17,"column":3}},"4":{"start":{"line":8,"column":14},"end":{"line":8,"column":43}},"5":{"start":{"line":9,"column":4},"end":{"line":15,"column":5}},"6":{"start":{"line":10,"column":6},"end":{"line":10,"column":17}},"7":{"start":{"line":11,"column":11},"end":{"line":15,"column":5}},"8":{"start":{"line":12,"column":6},"end":{"line":12,"column":20}},"9":{"start":{"line":13,"column":11},"end":{"line":15,"column":5}},"10":{"start":{"line":14,"column":6},"end":{"line":14,"column":22}},"11":{"start":{"line":16,"column":4},"end":{"line":16,"column":14}},"12":{"start":{"line":20,"column":0},"end":{"line":20,"column":35}}},"fnMap":{"0":{"name":"(anonymous_0)","decl":{"start":{"line":2,"column":26},"end":{"line":2,"column":27}},"loc":{"start":{"line":2,"column":40},"end":{"line":18,"column":1}},"line":2}},"branchMap":{"0":{"loc":{"start":{"line":9,"column":4},"end":{"line":15,"column":5}},"type":"if","locations":[{"start":{"line":9,"column":4},"end":{"line":15,"column":5}},{"start":{"line":9,"column":4},"end":{"line":15,"column":5}}],"line":9},"1":{"loc":{"start":{"line":11,"column":11},"end":{"line":15,"column":5}},"type":"if","locations":[{"start":{"line":11,"column":11},"end":{"line":15,"column":5}},{"start":{"line":11,"column":11},"end":{"line":15,"column":5}}],"line":11},"2":{"loc":{"start":{"line":13,"column":11},"end":{"line":15,"column":5}},"type":"if","locations":[{"start":{"line":13,"column":11},"end":{"line":15,"column":5}},{"start":{"line":13,"column":11},"end":{"line":15,"column":5}}],"line":13}},"s":{"0":1,"1":2,"2":2,"3":2,"4":2,"5":2,"6":1,"7":1,"8":0,"9":1,"10":1,"11":1,"12":1},"f":{"0":2},"b":{"0":[1,1],"1":[0,1],"2":[1,0]},"_coverageSchema":"43e27e138ebf9cfc5966b082cf9a028302ed4184","hash":"be7a9c989a4276d7b27c38ebf5c222828c38965d"}
,"/Users/phil/alchemy/career-track/data-structures-and-algorithms/challenges/arrayShift/array-shift.js": {"path":"/Users/phil/alchemy/career-track/data-structures-and-algorithms/challenges/arrayShift/array-shift.js","statementMap":{"0":{"start":{"line":2,"column":25},"end":{"line":8,"column":1}},"1":{"start":{"line":3,"column":14},"end":{"line":3,"column":39}},"2":{"start":{"line":4,"column":2},"end":{"line":6,"column":4}},"3":{"start":{"line":4,"column":14},"end":{"line":4,"column":28}},"4":{"start":{"line":4,"column":45},"end":{"line":6,"column":4}},"5":{"start":{"line":7,"column":2},"end":{"line":7,"column":17}},"6":{"start":{"line":10,"column":0},"end":{"line":10,"column":34}}},"fnMap":{"0":{"name":"(anonymous_0)","decl":{"start":{"line":2,"column":25},"end":{"line":2,"column":26}},"loc":{"start":{"line":2,"column":39},"end":{"line":8,"column":1}},"line":2}},"branchMap":{},"s":{"0":1,"1":2,"2":2,"3":2,"4":4,"5":2,"6":1},"f":{"0":2},"b":{},"_coverageSchema":"43e27e138ebf9cfc5966b082cf9a028302ed4184","hash":"2994cc69e16eae23d3e040e9d12d687e68f62bd7"}
,"/Users/phil/alchemy/career-track/data-structures-and-algorithms/data-structures/linked-list/linkedList.js": {"path":"/Users/phil/alchemy/career-track/data-structures-and-algorithms/data-structures/linked-list/linkedList.js","statementMap":{"0":{"start":{"line":5,"column":4},"end":{"line":6,"column":21}},"1":{"start":{"line":14,"column":4},"end":{"line":15,"column":18}},"2":{"start":{"line":19,"column":15},"end":{"line":19,"column":30}},"3":{"start":{"line":20,"column":4},"end":{"line":20,"column":26}},"4":{"start":{"line":21,"column":4},"end":{"line":21,"column":21}},"5":{"start":{"line":22,"column":4},"end":{"line":22,"column":16}},"6":{"start":{"line":26,"column":18},"end":{"line":26,"column":27}},"7":{"start":{"line":27,"column":17},"end":{"line":27,"column":19}},"8":{"start":{"line":28,"column":4},"end":{"line":31,"column":5}},"9":{"start":{"line":29,"column":6},"end":{"line":29,"column":38}},"10":{"start":{"line":30,"column":6},"end":{"line":30,"column":29}},"11":{"start":{"line":32,"column":4},"end":{"line":34,"column":5}},"12":{"start":{"line":33,"column":6},"end":{"line":33,"column":18}},"13":{"start":{"line":35,"column":4},"end":{"line":35,"column":17}},"14":{"start":{"line":39,"column":18},"end":{"line":39,"column":27}},"15":{"start":{"line":40,"column":17},"end":{"line":40,"column":19}},"16":{"start":{"line":41,"column":4},"end":{"line":44,"column":5}},"17":{"start":{"line":42,"column":6},"end":{"line":42,"column":38}},"18":{"start":{"line":43,"column":6},"end":{"line":43,"column":29}},"19":{"start":{"line":45,"column":22},"end":{"line":45,"column":36}},"20":{"start":{"line":46,"column":4},"end":{"line":48,"column":5}},"21":{"start":{"line":46,"column":16},"end":{"line":46,"column":17}},"22":{"start":{"line":47,"column":6},"end":{"line":47,"column":43}},"23":{"start":{"line":49,"column":4},"end":{"line":49,"column":23}},"24":{"start":{"line":53,"column":15},"end":{"line":53,"column":30}},"25":{"start":{"line":54,"column":18},"end":{"line":54,"column":27}},"26":{"start":{"line":55,"column":4},"end":{"line":57,"column":5}},"27":{"start":{"line":56,"column":6},"end":{"line":56,"column":29}},"28":{"start":{"line":58,"column":4},"end":{"line":58,"column":24}},"29":{"start":{"line":62,"column":15},"end":{"line":62,"column":31}},"30":{"start":{"line":63,"column":18},"end":{"line":63,"column":27}},"31":{"start":{"line":64,"column":4},"end":{"line":66,"column":5}},"32":{"start":{"line":65,"column":6},"end":{"line":65,"column":29}},"33":{"start":{"line":67,"column":4},"end":{"line":67,"column":29}},"34":{"start":{"line":68,"column":4},"end":{"line":68,"column":24}},"35":{"start":{"line":72,"column":15},"end":{"line":72,"column":31}},"36":{"start":{"line":73,"column":18},"end":{"line":73,"column":27}},"37":{"start":{"line":74,"column":4},"end":{"line":76,"column":5}},"38":{"start":{"line":75,"column":6},"end":{"line":75,"column":29}},"39":{"start":{"line":77,"column":4},"end":{"line":77,"column":29}},"40":{"start":{"line":78,"column":4},"end":{"line":78,"column":24}},"41":{"start":{"line":82,"column":0},"end":{"line":82,"column":28}}},"fnMap":{"0":{"name":"(anonymous_0)","decl":{"start":{"line":3,"column":2},"end":{"line":3,"column":3}},"loc":{"start":{"line":4,"column":2},"end":{"line":7,"column":3}},"line":4},"1":{"name":"(anonymous_1)","decl":{"start":{"line":12,"column":2},"end":{"line":12,"column":3}},"loc":{"start":{"line":13,"column":2},"end":{"line":16,"column":3}},"line":13},"2":{"name":"(anonymous_2)","decl":{"start":{"line":18,"column":2},"end":{"line":18,"column":3}},"loc":{"start":{"line":18,"column":16},"end":{"line":23,"column":3}},"line":18},"3":{"name":"(anonymous_3)","decl":{"start":{"line":25,"column":2},"end":{"line":25,"column":3}},"loc":{"start":{"line":25,"column":18},"end":{"line":36,"column":3}},"line":25},"4":{"name":"(anonymous_4)","decl":{"start":{"line":38,"column":2},"end":{"line":38,"column":3}},"loc":{"start":{"line":38,"column":13},"end":{"line":50,"column":3}},"line":38},"5":{"name":"(anonymous_5)","decl":{"start":{"line":52,"column":2},"end":{"line":52,"column":3}},"loc":{"start":{"line":52,"column":16},"end":{"line":59,"column":3}},"line":52},"6":{"name":"(anonymous_6)","decl":{"start":{"line":61,"column":2},"end":{"line":61,"column":3}},"loc":{"start":{"line":61,"column":30},"end":{"line":69,"column":3}},"line":61},"7":{"name":"(anonymous_7)","decl":{"start":{"line":71,"column":2},"end":{"line":71,"column":3}},"loc":{"start":{"line":71,"column":29},"end":{"line":79,"column":3}},"line":71}},"branchMap":{"0":{"loc":{"start":{"line":32,"column":4},"end":{"line":34,"column":5}},"type":"if","locations":[{"start":{"line":32,"column":4},"end":{"line":34,"column":5}},{"start":{"line":32,"column":4},"end":{"line":34,"column":5}}],"line":32}},"s":{"0":31,"1":10,"2":25,"3":25,"4":25,"5":25,"6":2,"7":2,"8":2,"9":4,"10":4,"11":2,"12":1,"13":1,"14":1,"15":1,"16":1,"17":2,"18":2,"19":1,"20":1,"21":1,"22":1,"23":1,"24":3,"25":3,"26":3,"27":7,"28":3,"29":1,"30":1,"31":1,"32":0,"33":1,"34":1,"35":2,"36":2,"37":2,"38":3,"39":2,"40":2,"41":1},"f":{"0":31,"1":10,"2":25,"3":2,"4":1,"5":3,"6":1,"7":2},"b":{"0":[1,1]},"_coverageSchema":"43e27e138ebf9cfc5966b082cf9a028302ed4184","hash":"2bb168dae77f9ee902a75bb2875fc52da7cbb317"}
}
