TN:
SF:/Users/phil/alchemy/career-track/data-structures-and-algorithms/challenges/arrayBinarySearch/array-binary-search.js
FN:2,(anonymous_0)
FNF:1
FNH:1
FNDA:2,(anonymous_0)
DA:2,1
DA:4,2
DA:5,2
DA:7,2
DA:8,2
DA:9,2
DA:10,1
DA:11,1
DA:12,0
DA:13,1
DA:14,1
DA:16,1
DA:20,1
LF:13
LH:12
BRDA:9,0,0,1
BRDA:9,0,1,1
BRDA:11,1,0,0
BRDA:11,1,1,1
BRDA:13,2,0,1
BRDA:13,2,1,0
BRF:6
BRH:4
end_of_record
TN:
SF:/Users/phil/alchemy/career-track/data-structures-and-algorithms/challenges/arrayShift/array-shift.js
FN:2,(anonymous_0)
FNF:1
FNH:1
FNDA:2,(anonymous_0)
DA:2,1
DA:3,2
DA:4,4
DA:7,2
DA:10,1
LF:5
LH:5
BRF:0
BRH:0
end_of_record
TN:
SF:/Users/phil/alchemy/career-track/data-structures-and-algorithms/data-structures/linked-list/linkedList.js
FN:3,(anonymous_0)
FN:12,(anonymous_1)
FN:18,(anonymous_2)
FN:25,(anonymous_3)
FN:38,(anonymous_4)
FN:52,(anonymous_5)
FN:61,(anonymous_6)
FN:71,(anonymous_7)
FNF:8
FNH:8
FNDA:31,(anonymous_0)
FNDA:10,(anonymous_1)
FNDA:25,(anonymous_2)
FNDA:2,(anonymous_3)
FNDA:1,(anonymous_4)
FNDA:3,(anonymous_5)
FNDA:1,(anonymous_6)
FNDA:2,(anonymous_7)
DA:5,31
DA:14,10
DA:19,25
DA:20,25
DA:21,25
DA:22,25
DA:26,2
DA:27,2
DA:28,2
DA:29,4
DA:30,4
DA:32,2
DA:33,1
DA:35,1
DA:39,1
DA:40,1
DA:41,1
DA:42,2
DA:43,2
DA:45,1
DA:46,1
DA:47,1
DA:49,1
DA:53,3
DA:54,3
DA:55,3
DA:56,7
DA:58,3
DA:62,1
DA:63,1
DA:64,1
DA:65,0
DA:67,1
DA:68,1
DA:72,2
DA:73,2
DA:74,2
DA:75,3
DA:77,2
DA:78,2
DA:82,1
LF:41
LH:40
BRDA:32,0,0,1
BRDA:32,0,1,1
BRF:2
BRH:2
end_of_record
